1603033830048	geckodriver	INFO	Listening on 127.0.0.1:63113
1603033833100	mozrunner::runner	INFO	Running command: "C:\\Program Files\\Mozilla Firefox\\firefox.exe" "--marionette" "-foreground" "-no-remote" "-profile" "C:\\Users\\Eric\\AppData\\Local\\Temp\\rust_mozprofileYhPYtd"
Can't find symbol 'eglSwapBuffersWithDamageEXT'.
JavaScript error: resource://gre/modules/XULStore.jsm, line 66: Error: Can't find profile directory.
console.error: SearchCache: "_readCacheFile: Error reading cache file:" (new Error("", "(unknown module)"))
1603033834965	Marionette	INFO	Listening on port 63122
1603033835135	Marionette	WARN	TLS certificate errors will be ignored for this session
JavaScript error: https://apis.google.com/_/scs/apps-static/_/js/k=oz.gapi.en_US.2laq3Py8kJk.O/m=client/rt=j/sv=1/d=1/ed=1/am=wQE/rs=AGLTcCNOVyb6DDYv7xgJGtF_6RiAl0K1Kw/cb=gapi.loaded_0, line 578: uncaught exception: gapi.auth2.ExternallyVisibleError: Missing required parameter 'client_id'
console.warn: LoginRecipes: "getRecipes: falling back to a synchronous message for:" "https://www.glassdoor.ca"
1603034152192	Marionette	INFO	Stopped listening on port 63122

###!!! [Child][RunMessage] Error: Channel closing: too late to send/recv, messages will be lost


###!!! [Child][MessageChannel::SendAndWait] Error: Channel error: cannot send/recv

1603034162740	geckodriver	INFO	Listening on 127.0.0.1:63244
1603034165773	mozrunner::runner	INFO	Running command: "C:\\Program Files\\Mozilla Firefox\\firefox.exe" "--marionette" "-foreground" "-no-remote" "-profile" "C:\\Users\\Eric\\AppData\\Local\\Temp\\rust_mozprofilel8pdRW"
Can't find symbol 'eglSwapBuffersWithDamageEXT'.
JavaScript error: resource://gre/modules/XULStore.jsm, line 66: Error: Can't find profile directory.
console.error: SearchCache: "_readCacheFile: Error reading cache file:" (new Error("", "(unknown module)"))
1603034167534	Marionette	INFO	Listening on port 63252
1603034167815	Marionette	WARN	TLS certificate errors will be ignored for this session
JavaScript error: https://apis.google.com/_/scs/apps-static/_/js/k=oz.gapi.en_US.2laq3Py8kJk.O/m=client/rt=j/sv=1/d=1/ed=1/am=wQE/rs=AGLTcCNOVyb6DDYv7xgJGtF_6RiAl0K1Kw/cb=gapi.loaded_0, line 578: uncaught exception: gapi.auth2.ExternallyVisibleError: Missing required parameter 'client_id'
console.warn: LoginRecipes: "getRecipes: falling back to a synchronous message for:" "https://www.glassdoor.ca"
console.warn: LoginRecipes: "getRecipes: falling back to a synchronous message for:" "https://www.glassdoor.ca"
JavaScript error: https://pythonspot.com/selenium-click-button/, line 279: ReferenceError: $ is not defined
Can't find symbol 'eglSwapBuffersWithDamageEXT'.
Handler function threw an exception: TypeError: topFrame.browsingContext is null
Stack: matchRequest@resource://devtools/server/actors/network-monitor/network-observer.js:111:9
_onRequestHeader@resource://devtools/server/actors/network-monitor/network-observer.js:857:10
NetworkObserver.prototype.observeActivity<@resource://devtools/server/actors/network-monitor/network-observer.js:632:12
exports.makeInfallible/<@resource://devtools/shared/ThreadSafeDevToolsUtils.js:103:22
Line: 111, column: 9
console.error: (new TypeError("topFrame.browsingContext is null", "resource://devtools/server/actors/network-monitor/network-observer.js", 111))
JavaScript error: resource://devtools/server/actors/inspector/walker.js, line 519: TypeError: this._nodeActorsMap is null
JavaScript error: https://www.glassdoor.com/jobs-ux-app/static/js/gd-jx-core-bottom-en-CA.js?v=469c5b3shq, line 1: ReferenceError: separatePreferencesTreatment is not defined
Can't find symbol 'eglSwapBuffersWithDamageEXT'.
Handler function threw an exception: TypeError: topFrame.browsingContext is null
Stack: matchRequest@resource://devtools/server/actors/network-monitor/network-observer.js:111:9
_onRequestHeader@resource://devtools/server/actors/network-monitor/network-observer.js:857:10
NetworkObserver.prototype.observeActivity<@resource://devtools/server/actors/network-monitor/network-observer.js:632:12
exports.makeInfallible/<@resource://devtools/shared/ThreadSafeDevToolsUtils.js:103:22
Line: 111, column: 9
console.error: (new TypeError("topFrame.browsingContext is null", "resource://devtools/server/actors/network-monitor/network-observer.js", 111))
Handler function threw an exception: TypeError: topFrame.browsingContext is null
Stack: matchRequest@resource://devtools/server/actors/network-monitor/network-observer.js:111:9
_onRequestHeader@resource://devtools/server/actors/network-monitor/network-observer.js:857:10
NetworkObserver.prototype.observeActivity<@resource://devtools/server/actors/network-monitor/network-observer.js:632:12
exports.makeInfallible/<@resource://devtools/shared/ThreadSafeDevToolsUtils.js:103:22
Line: 111, column: 9
console.error: (new TypeError("topFrame.browsingContext is null", "resource://devtools/server/actors/network-monitor/network-observer.js", 111))
Handler function threw an exception: TypeError: topFrame.browsingContext is null
Stack: matchRequest@resource://devtools/server/actors/network-monitor/network-observer.js:111:9
_onRequestHeader@resource://devtools/server/actors/network-monitor/network-observer.js:857:10
NetworkObserver.prototype.observeActivity<@resource://devtools/server/actors/network-monitor/network-observer.js:632:12
exports.makeInfallible/<@resource://devtools/shared/ThreadSafeDevToolsUtils.js:103:22
Line: 111, column: 9
console.error: (new TypeError("topFrame.browsingContext is null", "resource://devtools/server/actors/network-monitor/network-observer.js", 111))
Handler function threw an exception: TypeError: topFrame.browsingContext is null
Stack: matchRequest@resource://devtools/server/actors/network-monitor/network-observer.js:111:9
_onRequestHeader@resource://devtools/server/actors/network-monitor/network-observer.js:857:10
NetworkObserver.prototype.observeActivity<@resource://devtools/server/actors/network-monitor/network-observer.js:632:12
exports.makeInfallible/<@resource://devtools/shared/ThreadSafeDevToolsUtils.js:103:22
Line: 111, column: 9
console.error: (new TypeError("topFrame.browsingContext is null", "resource://devtools/server/actors/network-monitor/network-observer.js", 111))
Handler function threw an exception: TypeError: topFrame.browsingContext is null
Stack: matchRequest@resource://devtools/server/actors/network-monitor/network-observer.js:111:9
_onRequestHeader@resource://devtools/server/actors/network-monitor/network-observer.js:857:10
NetworkObserver.prototype.observeActivity<@resource://devtools/server/actors/network-monitor/network-observer.js:632:12
exports.makeInfallible/<@resource://devtools/shared/ThreadSafeDevToolsUtils.js:103:22
Line: 111, column: 9
console.error: (new TypeError("topFrame.browsingContext is null", "resource://devtools/server/actors/network-monitor/network-observer.js", 111))
Handler function threw an exception: TypeError: topFrame.browsingContext is null
Stack: matchRequest@resource://devtools/server/actors/network-monitor/network-observer.js:111:9
_onRequestHeader@resource://devtools/server/actors/network-monitor/network-observer.js:857:10
NetworkObserver.prototype.observeActivity<@resource://devtools/server/actors/network-monitor/network-observer.js:632:12
exports.makeInfallible/<@resource://devtools/shared/ThreadSafeDevToolsUtils.js:103:22
Line: 111, column: 9
console.error: (new TypeError("topFrame.browsingContext is null", "resource://devtools/server/actors/network-monitor/network-observer.js", 111))
Handler function _httpResponseExaminer threw an exception: TypeError: topFrame.browsingContext is null
Stack: matchRequest@resource://devtools/server/actors/network-monitor/network-observer.js:111:9
_httpResponseExaminer@resource://devtools/server/actors/network-monitor/network-observer.js:416:10
exports.makeInfallible/<@resource://devtools/shared/ThreadSafeDevToolsUtils.js:103:22
Line: 111, column: 9
console.error: (new TypeError("topFrame.browsingContext is null", "resource://devtools/server/actors/network-monitor/network-observer.js", 111))
Handler function _httpResponseExaminer threw an exception: TypeError: topFrame.browsingContext is null
Stack: matchRequest@resource://devtools/server/actors/network-monitor/network-observer.js:111:9
_httpResponseExaminer@resource://devtools/server/actors/network-monitor/network-observer.js:416:10
exports.makeInfallible/<@resource://devtools/shared/ThreadSafeDevToolsUtils.js:103:22
Line: 111, column: 9
console.error: (new TypeError("topFrame.browsingContext is null", "resource://devtools/server/actors/network-monitor/network-observer.js", 111))
Handler function _httpResponseExaminer threw an exception: TypeError: topFrame.browsingContext is null
Stack: matchRequest@resource://devtools/server/actors/network-monitor/network-observer.js:111:9
_httpResponseExaminer@resource://devtools/server/actors/network-monitor/network-observer.js:416:10
exports.makeInfallible/<@resource://devtools/shared/ThreadSafeDevToolsUtils.js:103:22
Line: 111, column: 9
console.error: (new TypeError("topFrame.browsingContext is null", "resource://devtools/server/actors/network-monitor/network-observer.js", 111))
JavaScript error: https://www.glassdoor.com/jobs-ux-app/static/js/gd-jx-core-bottom-en-CA.js?v=469c5b3shq, line 1: ReferenceError: separatePreferencesTreatment is not defined
1603034747330	Marionette	INFO	Stopped listening on port 63252

###!!! [Child][RunMessage] Error: Channel closing: too late to send/recv, messages will be lost


###!!! [Child][MessageChannel::SendAndWait] Error: Channel error: cannot send/recv

1603034819007	geckodriver	INFO	Listening on 127.0.0.1:63510
1603034822054	mozrunner::runner	INFO	Running command: "C:\\Program Files\\Mozilla Firefox\\firefox.exe" "--marionette" "-foreground" "-no-remote" "-profile" "C:\\Users\\Eric\\AppData\\Local\\Temp\\rust_mozprofileKZDO7B"
Can't find symbol 'eglSwapBuffersWithDamageEXT'.
JavaScript error: resource://gre/modules/XULStore.jsm, line 66: Error: Can't find profile directory.
console.error: SearchCache: "_readCacheFile: Error reading cache file:" (new Error("", "(unknown module)"))
1603034823862	Marionette	INFO	Listening on port 63519
1603034824090	Marionette	WARN	TLS certificate errors will be ignored for this session
JavaScript error: https://apis.google.com/_/scs/apps-static/_/js/k=oz.gapi.en_US.2laq3Py8kJk.O/m=client/rt=j/sv=1/d=1/ed=1/am=wQE/rs=AGLTcCNOVyb6DDYv7xgJGtF_6RiAl0K1Kw/cb=gapi.loaded_0, line 578: uncaught exception: gapi.auth2.ExternallyVisibleError: Missing required parameter 'client_id'
1603034895043	Marionette	INFO	Stopped listening on port 63519

###!!! [Child][RunMessage] Error: Channel closing: too late to send/recv, messages will be lost


###!!! [Child][MessageChannel::SendAndWait] Error: Channel error: cannot send/recv

1603034896491	geckodriver	INFO	Listening on 127.0.0.1:63605
1603034899521	mozrunner::runner	INFO	Running command: "C:\\Program Files\\Mozilla Firefox\\firefox.exe" "--marionette" "-foreground" "-no-remote" "-profile" "C:\\Users\\Eric\\AppData\\Local\\Temp\\rust_mozprofilePQJlLt"
Can't find symbol 'eglSwapBuffersWithDamageEXT'.
JavaScript error: resource://gre/modules/XULStore.jsm, line 66: Error: Can't find profile directory.
console.error: SearchCache: "_readCacheFile: Error reading cache file:" (new Error("", "(unknown module)"))
1603034901287	Marionette	INFO	Listening on port 63613
1603034901557	Marionette	WARN	TLS certificate errors will be ignored for this session
JavaScript error: https://apis.google.com/_/scs/apps-static/_/js/k=oz.gapi.en_US.2laq3Py8kJk.O/m=client/rt=j/sv=1/d=1/ed=1/am=wQE/rs=AGLTcCNOVyb6DDYv7xgJGtF_6RiAl0K1Kw/cb=gapi.loaded_0, line 578: uncaught exception: gapi.auth2.ExternallyVisibleError: Missing required parameter 'client_id'
1603034924318	Marionette	INFO	Stopped listening on port 63613

###!!! [Child][RunMessage] Error: Channel closing: too late to send/recv, messages will be lost


###!!! [Child][MessageChannel::SendAndWait] Error: Channel error: cannot send/recv

1603034927747	geckodriver	INFO	Listening on 127.0.0.1:63690
1603034930785	mozrunner::runner	INFO	Running command: "C:\\Program Files\\Mozilla Firefox\\firefox.exe" "--marionette" "-foreground" "-no-remote" "-profile" "C:\\Users\\Eric\\AppData\\Local\\Temp\\rust_mozprofileqZzzDk"
Can't find symbol 'eglSwapBuffersWithDamageEXT'.
JavaScript error: resource://gre/modules/XULStore.jsm, line 66: Error: Can't find profile directory.
console.error: SearchCache: "_readCacheFile: Error reading cache file:" (new Error("", "(unknown module)"))
1603034932577	Marionette	INFO	Listening on port 63698
1603034932823	Marionette	WARN	TLS certificate errors will be ignored for this session
JavaScript error: https://www.glassdoor.com/jobs-ux-app/static/js/gd-jx-core-bottom-en-CA.js?v=469c5b3shq, line 1: ReferenceError: separatePreferencesTreatment is not defined
Handler function _httpResponseExaminer threw an exception: TypeError: topFrame.browsingContext is null
Stack: matchRequest@resource://devtools/server/actors/network-monitor/network-observer.js:111:9
_httpResponseExaminer@resource://devtools/server/actors/network-monitor/network-observer.js:416:10
exports.makeInfallible/<@resource://devtools/shared/ThreadSafeDevToolsUtils.js:103:22
Line: 111, column: 9
console.error: (new TypeError("topFrame.browsingContext is null", "resource://devtools/server/actors/network-monitor/network-observer.js", 111))
Handler function threw an exception: TypeError: topFrame.browsingContext is null
Stack: matchRequest@resource://devtools/server/actors/network-monitor/network-observer.js:111:9
_onRequestHeader@resource://devtools/server/actors/network-monitor/network-observer.js:857:10
NetworkObserver.prototype.observeActivity<@resource://devtools/server/actors/network-monitor/network-observer.js:632:12
exports.makeInfallible/<@resource://devtools/shared/ThreadSafeDevToolsUtils.js:103:22
Line: 111, column: 9
console.error: (new TypeError("topFrame.browsingContext is null", "resource://devtools/server/actors/network-monitor/network-observer.js", 111))
Handler function _httpResponseExaminer threw an exception: TypeError: topFrame.browsingContext is null
Stack: matchRequest@resource://devtools/server/actors/network-monitor/network-observer.js:111:9
_httpResponseExaminer@resource://devtools/server/actors/network-monitor/network-observer.js:416:10
exports.makeInfallible/<@resource://devtools/shared/ThreadSafeDevToolsUtils.js:103:22
Line: 111, column: 9
console.error: (new TypeError("topFrame.browsingContext is null", "resource://devtools/server/actors/network-monitor/network-observer.js", 111))
Handler function threw an exception: TypeError: topFrame.browsingContext is null
Stack: matchRequest@resource://devtools/server/actors/network-monitor/network-observer.js:111:9
_onRequestHeader@resource://devtools/server/actors/network-monitor/network-observer.js:857:10
NetworkObserver.prototype.observeActivity<@resource://devtools/server/actors/network-monitor/network-observer.js:632:12
exports.makeInfallible/<@resource://devtools/shared/ThreadSafeDevToolsUtils.js:103:22
Line: 111, column: 9
console.error: (new TypeError("topFrame.browsingContext is null", "resource://devtools/server/actors/network-monitor/network-observer.js", 111))
Handler function _httpResponseExaminer threw an exception: TypeError: topFrame.browsingContext is null
Stack: matchRequest@resource://devtools/server/actors/network-monitor/network-observer.js:111:9
_httpResponseExaminer@resource://devtools/server/actors/network-monitor/network-observer.js:416:10
exports.makeInfallible/<@resource://devtools/shared/ThreadSafeDevToolsUtils.js:103:22
Line: 111, column: 9
console.error: (new TypeError("topFrame.browsingContext is null", "resource://devtools/server/actors/network-monitor/network-observer.js", 111))
JavaScript error: https://www.glassdoor.com/jobs-ux-app/static/js/gd-jx-core-bottom-en-CA.js?v=469c5b3shq, line 1: ReferenceError: separatePreferencesTreatment is not defined
Can't find symbol 'eglSwapBuffersWithDamageEXT'.
JavaScript error: https://www.google.com/xjs/_/js/k=xjs.s.en_GB.h18X0FERJMs.O/ck=xjs.s.tgqrZ-13x1I.L.F4.O/m=ZyRBae,cdos,cr,dpf,hsm,jsa,d,csi/am=AAAAAAAAKAAAAGAJmLsBwPEfBABccIkDAAAAAAnQkqCxQAohISEAAgAAAGehBACAAAAI/d=1/dg=2/ct=zgms/rs=ACT90oGep0rVOAoD_S9r4lH6zkvTtCla2Q?cb=4454072, line 2932: Error: Missing element with jsname <LgbsSe>. Controller <FPBq9d[25]>.
1603035408265	Marionette	INFO	Stopped listening on port 63698

###!!! [Child][RunMessage] Error: Channel closing: too late to send/recv, messages will be lost


###!!! [Child][MessageChannel::SendAndWait] Error: Channel error: cannot send/recv

1603035450154	geckodriver	INFO	Listening on 127.0.0.1:63917
1603035453209	mozrunner::runner	INFO	Running command: "C:\\Program Files\\Mozilla Firefox\\firefox.exe" "--marionette" "-foreground" "-no-remote" "-profile" "C:\\Users\\Eric\\AppData\\Local\\Temp\\rust_mozprofilerRIiCM"
Can't find symbol 'eglSwapBuffersWithDamageEXT'.
JavaScript error: resource://gre/modules/XULStore.jsm, line 66: Error: Can't find profile directory.
console.error: SearchCache: "_readCacheFile: Error reading cache file:" (new Error("", "(unknown module)"))
1603035455075	Marionette	INFO	Listening on port 63925
1603035455243	Marionette	WARN	TLS certificate errors will be ignored for this session
1603035523262	Marionette	INFO	Stopped listening on port 63925

###!!! [Child][RunMessage] Error: Channel closing: too late to send/recv, messages will be lost


###!!! [Child][MessageChannel::SendAndWait] Error: Channel error: cannot send/recv

1603035525056	geckodriver	INFO	Listening on 127.0.0.1:64028
1603035528100	mozrunner::runner	INFO	Running command: "C:\\Program Files\\Mozilla Firefox\\firefox.exe" "--marionette" "-foreground" "-no-remote" "-profile" "C:\\Users\\Eric\\AppData\\Local\\Temp\\rust_mozprofileVtBz5S"
Can't find symbol 'eglSwapBuffersWithDamageEXT'.
JavaScript error: resource://gre/modules/XULStore.jsm, line 66: Error: Can't find profile directory.
console.error: SearchCache: "_readCacheFile: Error reading cache file:" (new Error("", "(unknown module)"))
1603035529862	Marionette	INFO	Listening on port 64036
1603035530145	Marionette	WARN	TLS certificate errors will be ignored for this session
JavaScript error: https://www.glassdoor.com/jobs-ux-app/static/js/gd-jx-core-bottom-en-CA.js?v=469c5b3shq, line 1: ReferenceError: separatePreferencesTreatment is not defined
1603035573669	Marionette	INFO	Stopped listening on port 64036

###!!! [Child][RunMessage] Error: Channel closing: too late to send/recv, messages will be lost


###!!! [Child][MessageChannel::SendAndWait] Error: Channel error: cannot send/recv

1603035577533	geckodriver	INFO	Listening on 127.0.0.1:64119
1603035580583	mozrunner::runner	INFO	Running command: "C:\\Program Files\\Mozilla Firefox\\firefox.exe" "--marionette" "-foreground" "-no-remote" "-profile" "C:\\Users\\Eric\\AppData\\Local\\Temp\\rust_mozprofile3MoZei"
Can't find symbol 'eglSwapBuffersWithDamageEXT'.
JavaScript error: resource://gre/modules/XULStore.jsm, line 66: Error: Can't find profile directory.
console.error: SearchCache: "_readCacheFile: Error reading cache file:" (new Error("", "(unknown module)"))
1603035582348	Marionette	INFO	Listening on port 64127
1603035582626	Marionette	WARN	TLS certificate errors will be ignored for this session
JavaScript error: https://www.glassdoor.com/jobs-ux-app/static/js/gd-jx-core-bottom-en-CA.js?v=469c5b3shq, line 1: ReferenceError: separatePreferencesTreatment is not defined
1603035602720	Marionette	INFO	Stopped listening on port 64127

###!!! [Child][RunMessage] Error: Channel closing: too late to send/recv, messages will be lost


###!!! [Child][MessageChannel::SendAndWait] Error: Channel error: cannot send/recv

1603035672359	geckodriver	INFO	Listening on 127.0.0.1:64266
1603035675402	mozrunner::runner	INFO	Running command: "C:\\Program Files\\Mozilla Firefox\\firefox.exe" "--marionette" "-foreground" "-no-remote" "-profile" "C:\\Users\\Eric\\AppData\\Local\\Temp\\rust_mozprofileeJv6cZ"
Can't find symbol 'eglSwapBuffersWithDamageEXT'.
JavaScript error: resource://gre/modules/XULStore.jsm, line 66: Error: Can't find profile directory.
console.error: SearchCache: "_readCacheFile: Error reading cache file:" (new Error("", "(unknown module)"))
1603035677276	Marionette	INFO	Listening on port 64274
1603035677447	Marionette	WARN	TLS certificate errors will be ignored for this session
JavaScript error: https://www.glassdoor.com/jobs-ux-app/static/js/gd-jx-core-bottom-en-CA.js?v=469c5b3shq, line 1: ReferenceError: separatePreferencesTreatment is not defined
JavaScript error: https://www.glassdoor.com/jobs-ux-app/static/js/gd-jx-core-bottom-en-CA.js?v=469c5b3shq, line 1: ReferenceError: separatePreferencesTreatment is not defined
Can't find symbol 'eglSwapBuffersWithDamageEXT'.
1603035734647	Marionette	INFO	Stopped listening on port 64274

###!!! [Child][RunMessage] Error: Channel closing: too late to send/recv, messages will be lost


###!!! [Child][MessageChannel::SendAndWait] Error: Channel error: cannot send/recv

1603035737555	geckodriver	INFO	Listening on 127.0.0.1:64396
1603035740590	mozrunner::runner	INFO	Running command: "C:\\Program Files\\Mozilla Firefox\\firefox.exe" "--marionette" "-foreground" "-no-remote" "-profile" "C:\\Users\\Eric\\AppData\\Local\\Temp\\rust_mozprofileYaKK6U"
Can't find symbol 'eglSwapBuffersWithDamageEXT'.
JavaScript error: resource://gre/modules/XULStore.jsm, line 66: Error: Can't find profile directory.
console.error: SearchCache: "_readCacheFile: Error reading cache file:" (new Error("", "(unknown module)"))
1603035742390	Marionette	INFO	Listening on port 64411
1603035742617	Marionette	WARN	TLS certificate errors will be ignored for this session
Can't find symbol 'eglSwapBuffersWithDamageEXT'.
JavaScript error: https://www.pluralsight.com/guides/extracting-data-html-beautifulsoup, line 322: ReferenceError: _satellite is not defined
JavaScript error: https://beacon.sftoaa.com/v2/sendem.js, line 1: SecurityError: Permission denied to access property "document" on cross-origin object
1603036038763	Marionette	INFO	Stopped listening on port 64411

###!!! [Child][RunMessage] Error: Channel closing: too late to send/recv, messages will be lost


###!!! [Child][MessageChannel::SendAndWait] Error: Channel error: cannot send/recv

emp\\rust_mozprofile3rQd1c"
Can't find symbol 'eglSwapBuffersWithDamageEXT'.
JavaScript error: resource://gre/modules/XULStore.jsm, line 66: Error: Can't find profile directory.
console.error: SearchCache: "_readCacheFile: Error reading cache file:" (new Error("", "(unknown module)"))
1603035862763	Marionette	INFO	Listening on port 64591
1603035862925	Marionette	WARN	TLS certificate errors will be ignored for this session
1603035941071	Marionette	INFO	Stopped listening on port 64591

###!!! [Child][RunMessage] Error: Channel closing: too late to send/recv, messages will be lost


###!!! [Child][MessageChannel::SendAndWait] Error: Channel error: cannot send/recv

1603035943392	geckodriver	INFO	Listening on 127.0.0.1:64732
1603035946435	mozrunner::runner	INFO	Running command: "C:\\Program Files\\Mozilla Firefox\\firefox.exe" "--marionette" "-foreground" "-no-remote" "-profile" "C:\\Users\\Eric\\AppData\\Local\\Temp\\rust_mozprofile6XGtLg"
Can't find symbol 'eglSwapBuffersWithDamageEXT'.
JavaScript error: resource://gre/modules/XULStore.jsm, line 66: Error: Can't find profile directory.
console.error: SearchCache: "_readCacheFile: Error reading cache file:" (new Error("", "(unknown module)"))
1603035948238	Marionette	INFO	Listening on port 64740
1603035948491	Marionette	WARN	TLS certificate errors will be ignored for this session
Can't find symbol 'eglSwapBuffersWithDamageEXT'.
1603036034690	Marionette	INFO	Stopped listening on port 64741603036035202	mozrunner::runner	INFO	Running command: "C:\\Program Files\\Mozilla Firefox\\firefox.exe" "--marionette" "-foreground" "-no-remote" "-profile" "C:\\Users\\Eric\\AppData\\Local\\Temp\\rust_mozprofileAHeHeE"
Can't find symbol 'eglSwapBuffersWithDamageEXT'.
JavaScript error: resource://gre/modules/XULStore.jsm, line 66: Error: Can't find profile directory.
console.error: SearchCache: "_readCacheFile: Error reading cache file:" (new Error("", "(unknown module)"))
1603036037018	Marionette	INFO	Listening on port 64913
1603036037252	Marionette	WARN	TLS certificate errors will be ignored for this session
JavaScript error: https://apis.google.com/_/scs/apps-static/_/js/k=oz.gapi.en_US.2laq3Py8kJk.O/m=client/rt=j/sv=1/d=1/ed=1/am=wQE/rs=AGLTcCNOVyb6DDYv7xgJGtF_6RiAl0K1Kw/cb=gapi.loaded_0, line 578: uncaught exception: gapi.auth2.ExternallyVisibleError: Missing required parameter 'client_id'
1603036190931	Marionette	INFO	Stopped listening on port 64913

###!!! [Child][RunMessage] Error: Channel closing: too late to send/recv, messages will be lost


###!!! [Child][MessageChannel::SendAndWait] Error: Channel error: cannot send/recv

03036046782	Marionette	INFO	Listening on port 65005
1603036047071	Marionette	WARN	TLS certificate errors will be ignored for this session
JavaScript error: https://www.glassdoor.com/jobs-ux-app/static/js/gd-jx-core-bottom-en-CA.js?v=469c5b3shq, line 1: ReferenceError: separatePreferencesTreatment is not defined
1603036067937	Marionette	INFO	Stopped listening on port 65005

###!!! [Child][RunMessage] Error: Channel closing: too late to send/recv, messages will be lost


###!!! [Child][MessageChannel::SendAndWait] Error: Channel error: cannot send/recv

1603036069485	geckodriver	INFO	Listening on 127.0.0.1:65102
1603036072530	mozrunner::runner	INFO	Running command: "C:\\Program Files\\Mozilla Firefox\\firefox.exe" "--marionette" "-foreground" "-no-remote" "-profile" "C:\\Users\\Eric\\AppData\\Local\\Temp\\rust_mozprofileSXVvYC"
Can't find symbol 'eglSwapBuffersWithDamageEXT'.
JavaScript error: resource://gre/modules/XULStore.jsm, line 66: Error: Can't find profile directory.
console.error: SearchCache: "_readCacheFile: Error reading cache file:" (new Error("", "(unknown module)"))
1603036074287	Marionette	INFO	Listening on port 65110
1603036074585	Marionette	WARN	TLS certificate errors will be ignored for this session
1603036181714	Marionette	INFO	Stopped listening on port 65110

###!!! [Child][RunMessage] Error: Channel closing: too late to send/recv, messages will be lost


###!!! [Child][MessageChannel::SendAndWait] Error: Channel error: cannot send/recv

emp\\rust_mozprofileVv7uh5"
Can't find symbol 'eglSwapBuffersWithDamageEXT'.
JavaScript error: resource://gre/modules/XULStore.jsm, line 66: Error: Can't find profile directory.
console.error: SearchCache: "_readCacheFile: Error reading cache file:" (new Error("", "(unknown module)"))
1603036180072	Marionette	INFO	Listening on port 65287
1603036180098	Marionette	WARN	TLS certificate errors will be ignored for this session
JavaScript error: https://www.glassdoor.com/jobs-ux-app/static/js/gd-jx-core-bottom-en-CA.js?v=469c5b3shq, line 1: ReferenceError: separatePreferencesTreatment is not defined
JavaScript error: https://www.glassdoor.com/jobs-ux-app/static/js/gd-jx-core-bottom-en-CA.js?v=469c5b3shq, line 1: ReferenceError: separatePreferencesTreatment is not defined
JavaScript error: https://www.glassdoor.com/jobs-ux-app/static/js/gd-jx-core-bottom-en-CA.js?v=469c5b3shq, line 1: ReferenceError: separatePreferencesTreatment is not defined
Can't find symbol 'eglSwapBuffersWithDamageEXT'.
JavaScript error: https://www.glassdoor.com/jobs-ux-app/static/js/gd-jx-core-bottom-en-CA.js?v=469c5b3shq, line 1: ReferenceError: separatePreferencesTreatment is not defined
Can't find symbol 'eglSwapBuffersWithDamageEXT'.
1603036425837	Marionette	INFO	Stopped listening on port 65287

###!!! [Child][RunMessage] Error: Channel closing: too late to send/recv, messages will be lost


###!!! [Child][MessageChannel::SendAndWait] Error: Channel error: cannot send/recv

1603036428265	geckodriver	INFO	Listening on 127.0.0.1:65463
1603036431295	mozrunner::runner	INFO	Running command: "C:\\Program Files\\Mozilla Firefox\\firefox.exe" "--marionette" "-foreground" "-no-remote" "-profile" "C:\\Users\\Eric\\AppData\\Local\\Temp\\rust_mozprofilerSRK42"
Can't find symbol 'eglSwapBuffersWithDamageEXT'.
JavaScript error: resource://gre/modules/XULStore.jsm, line 66: Error: Can't find profile directory.
console.error: SearchCache: "_readCacheFile: Error reading cache file:" (new Error("", "(unknown module)"))
1603036433056	Marionette	INFO	Listening on port 65471
1603036433333	Marionette	WARN	TLS certificate errors will be ignored for this session
1603036477244	Marionette	INFO	Stopped listening on port 65471

###!!! [Child][RunMessage] Error: Channel closing: too late to send/recv, messages will be lost


###!!! [Child][MessageChannel::SendAndWait] Error: Channel error: cannot send/recv

1603036479532	geckodriver	INFO	Listening on 127.0.0.1:49174
1603036482578	mozrunner::runner	INFO	Running command: "C:\\Program Files\\Mozilla Firefox\\firefox.exe" "--marionette" "-foreground" "-no-remote" "-profile" "C:\\Users\\Eric\\AppData\\Local\\Temp\\rust_mozprofileQyaLIK"
Can't find symbol 'eglSwapBuffersWithDamageEXT'.
JavaScript error: resource://gre/modules/XULStore.jsm, line 66: Error: Can't find profile directory.
console.error: SearchCache: "_readCacheFile: Error reading cache file:" (new Error("", "(unknown module)"))
1603036484395	Marionette	INFO	Listening on port 49183
1603036484629	Marionette	WARN	TLS certificate errors will be ignored for this session
JavaScript error: https://www.glassdoor.com/jobs-ux-app/static/js/gd-jx-core-bottom-en-CA.js?v=469c5b3shq, line 1: ReferenceError: separatePreferencesTreatment is not defined
1603036566304	Marionette	INFO	Stopped listening on port 49183

###!!! [Child][RunMessage] Error: Channel closing: too late to send/recv, messages will be lost


###!!! [Child][MessageChannel::SendAndWait] Error: Channel error: cannot send/recv

1603036568928	geckodriver	INFO	Listening on 127.0.0.1:49271
1603036573075	mozrunner::runner	INFO	Running command: "C:\\Program Files\\Mozilla Firefox\\firefox.exe" "--marionette" "-foreground" "-no-remote" "-profile" "C:\\Users\\Eric\\AppData\\Local\\Temp\\rust_mozprofile7ZuNUE"
Can't find symbol 'eglSwapBuffersWithDamageEXT'.
JavaScript error: resource://gre/modules/XULStore.jsm, line 66: Error: Can't find profile directory.
console.error: SearchCache: "_readCacheFile: Error reading cache file:" (new Error("", "(unknown module)"))
1603036574901	Marionette	INFO	Listening on port 49280
1603036575107	Marionette	WARN	TLS certificate errors will be ignored for this session
1603036590199	Marionette	INFO	Stopped listening on port 49280

###!!! [Child][RunMessage] Error: Channel closing: too late to send/recv, messages will be lost


###!!! [Child][MessageChannel::SendAndWait] Error: Channel error: cannot send/recv

1603036625750	geckodriver	INFO	Listening on 127.0.0.1:49400
1603036628783	mozrunner::runner	INFO	Running command: "C:\\Program Files\\Mozilla Firefox\\firefox.exe" "--marionette" "-foreground" "-no-remote" "-profile" "C:\\Users\\Eric\\AppData\\Local\\Temp\\rust_mozprofileya34Zh"
Can't find symbol 'eglSwapBuffersWithDamageEXT'.
JavaScript error: resource://gre/modules/XULStore.jsm, line 66: Error: Can't find profile directory.
console.error: SearchCache: "_readCacheFile: Error reading cache file:" (new Error("", "(unknown module)"))
1603036630555	Marionette	INFO	Listening on port 49409
1603036630833	Marionette	WARN	TLS certificate errors will be ignored for this session
1603036651217	Marionette	INFO	Stopped listening on port 49409

###!!! [Child][RunMessage] Error: Channel closing: too late to send/recv, messages will be lost


###!!! [Child][MessageChannel::SendAndWait] Error: Channel error: cannot send/recv

1603036904523	geckodriver	INFO	Listening on 127.0.0.1:49529
1603036907559	mozrunner::runner	INFO	Running command: "C:\\Program Files\\Mozilla Firefox\\firefox.exe" "--marionette" "-foreground" "-no-remote" "-profile" "C:\\Users\\Eric\\AppData\\Local\\Temp\\rust_mozprofile0jCmG0"
Can't find symbol 'eglSwapBuffersWithDamageEXT'.
JavaScript error: resource://gre/modules/XULStore.jsm, line 66: Error: Can't find profile directory.
console.error: SearchCache: "_readCacheFile: Error reading cache file:" (new Error("", "(unknown module)"))
1603036909374	Marionette	INFO	Listening on port 49537
1603036909598	Marionette	WARN	TLS certificate errors will be ignored for this session
JavaScript error: https://www.glassdoor.com/jobs-ux-app/static/js/gd-jx-core-bottom-en-CA.js?v=469c5b3shq, line 1: ReferenceError: separatePreferencesTreatment is not defined
1603036935812	Marionette	INFO	Stopped listening on port 49537

###!!! [Child][RunMessage] Error: Channel closing: too late to send/recv, messages will be lost


###!!! [Child][MessageChannel::SendAndWait] Error: Channel error: cannot send/recv

1603036948153	geckodriver	INFO	Listening on 127.0.0.1:49638
1603036951206	mozrunner::runner	INFO	Running command: "C:\\Program Files\\Mozilla Firefox\\firefox.exe" "--marionette" "-foreground" "-no-remote" "-profile" "C:\\Users\\Eric\\AppData\\Local\\Temp\\rust_mozprofilejkfhAt"
Can't find symbol 'eglSwapBuffersWithDamageEXT'.
JavaScript error: resource://gre/modules/XULStore.jsm, line 66: Error: Can't find profile directory.
console.error: SearchCache: "_readCacheFile: Error reading cache file:" (new Error("", "(unknown module)"))
1603036953023	Marionette	INFO	Listening on port 49646
1603036953244	Marionette	WARN	TLS certificate errors will be ignored for this session
JavaScript error: https://www.glassdoor.com/jobs-ux-app/static/js/gd-jx-core-bottom-en-CA.js?v=469c5b3shq, line 1: ReferenceError: separatePreferencesTreatment is not defined
1603036965139	Marionette	INFO	Stopped listening on port 49646

###!!! [Child][RunMessage] Error: Channel closing: too late to send/recv, messages will be lost


###!!! [Child][MessageChannel::SendAndWait] Error: Channel error: cannot send/recv

1603037792733	geckodriver	INFO	Listening on 127.0.0.1:49938
1603037795783	mozrunner::runner	INFO	Running command: "C:\\Program Files\\Mozilla Firefox\\firefox.exe" "--marionette" "-foreground" "-no-remote" "-profile" "C:\\Users\\Eric\\AppData\\Local\\Temp\\rust_mozprofile6ToLsF"
Can't find symbol 'eglSwapBuffersWithDamageEXT'.
JavaScript error: resource://gre/modules/XULStore.jsm, line 66: Error: Can't find profile directory.
console.error: SearchCache: "_readCacheFile: Error reading cache file:" (new Error("", "(unknown module)"))
1603037797599	Marionette	INFO	Listening on port 49947
1603037797816	Marionette	WARN	TLS certificate errors will be ignored for this session
1603037897412	Marionette	INFO	Stopped listening on port 49947

###!!! [Child][RunMessage] Error: Channel closing: too late to send/recv, messages will be lost


###!!! [Child][MessageChannel::SendAndWait] Error: Channel error: cannot send/recv

1603037899085	geckodriver	INFO	Listening on 127.0.0.1:50058
1603037902120	mozrunner::runner	INFO	Running command: "C:\\Program Files\\Mozilla Firefox\\firefox.exe" "--marionette" "-foreground" "-no-remote" "-profile" "C:\\Users\\Eric\\AppData\\Local\\Temp\\rust_mozprofileWVNThI"
Can't find symbol 'eglSwapBuffersWithDamageEXT'.
JavaScript error: resource://gre/modules/XULStore.jsm, line 66: Error: Can't find profile directory.
console.error: SearchCache: "_readCacheFile: Error reading cache file:" (new Error("", "(unknown module)"))
1603037903865	Marionette	INFO	Listening on port 50066
1603037904141	Marionette	WARN	TLS certificate errors will be ignored for this session
JavaScript error: https://www.glassdoor.com/jobs-ux-app/static/js/gd-jx-core-bottom-en-CA.js?v=469c5b3shq, line 1: ReferenceError: separatePreferencesTreatment is not defined
1603037923096	Marionette	INFO	Stopped listening on port 50066

###!!! [Child][RunMessage] Error: Channel closing: too late to send/recv, messages will be lost


###!!! [Child][MessageChannel::SendAndWait] Error: Channel error: cannot send/recv

1603037982446	geckodriver	INFO	Listening on 127.0.0.1:50161
1603037985482	mozrunner::runner	INFO	Running command: "C:\\Program Files\\Mozilla Firefox\\firefox.exe" "--marionette" "-foreground" "-no-remote" "-profile" "C:\\Users\\Eric\\AppData\\Local\\Temp\\rust_mozprofileopBlMc"
Can't find symbol 'eglSwapBuffersWithDamageEXT'.
JavaScript error: resource://gre/modules/XULStore.jsm, line 66: Error: Can't find profile directory.
console.error: SearchCache: "_readCacheFile: Error reading cache file:" (new Error("", "(unknown module)"))
1603037987237	Marionette	INFO	Listening on port 50169
1603037987513	Marionette	WARN	TLS certificate errors will be ignored for this session
1603041248386	Marionette	INFO	Stopped listening on port 50169

###!!! [Child][RunMessage] Error: Channel closing: too late to send/recv, messages will be lost


###!!! [Child][MessageChannel::SendAndWait] Error: Channel error: cannot send/recv

emp\\rust_mozprofileeZ9IGg"
Can't find symbol 'eglSwapBuffersWithDamageEXT'.
JavaScript error: resource://gre/modules/XULStore.jsm, line 66: Error: Can't find profile directory.
console.error: SearchCache: "_readCacheFile: Error reading cache file:" (new Error("", "(unknown module)"))
1603040129916	Marionette	INFO	Listening on port 50478
1603040130100	Marionette	WARN	TLS certificate errors will be ignored for this session
JavaScript error: https://apis.google.com/_/scs/apps-static/_/js/k=oz.gapi.en_US.2laq3Py8kJk.O/m=client/rt=j/sv=1/d=1/ed=1/am=wQE/rs=AGLTcCNOVyb6DDYv7xgJGtF_6RiAl0K1Kw/cb=gapi.loaded_0, line 578: uncaught exception: gapi.auth2.ExternallyVisibleError: Missing required parameter 'client_id'
1603040152411	Marionette	INFO	Stopped listening on port 50478

###!!! [Child][RunMessage] Error: Channel closing: too late to send/recv, messages will be lost


###!!! [Child][MessageChannel::SendAndWait] Error: Channel error: cannot send/recv

1603040554518	geckodriver	INFO	Listening on 127.0.0.1:50700
1603040557564	mozrunner::runner	INFO	Running command: "C:\\Program Files\\Mozilla Firefox\\firefox.exe" "--marionette" "-foreground" "-no-remote" "-profile" "C:\\Users\\Eric\\AppData\\Local\\Temp\\rust_mozprofileMzw5ct"
Can't find symbol 'eglSwapBuffersWithDamageEXT'.
JavaScript error: resource://gre/modules/XULStore.jsm, line 66: Error: Can't find profile directory.
console.error: SearchCache: "_readCacheFile: Error reading cache file:" (new Error("", "(unknown module)"))
1603040559352	Marionette	INFO	Listening on port 50708
1603040559607	Marionette	WARN	TLS certificate errors will be ignored for this session
1603040577332	Marionette	INFO	Stopped listening on port 50708

###!!! [Child][RunMessage] Error: Channel closing: too late to send/recv, messages will be lost


###!!! [Child][MessageChannel::SendAndWait] Error: Channel error: cannot send/recv

1603040611234	geckodriver	INFO	Listening on 127.0.0.1:50840
1603040614269	mozrunner::runner	INFO	Running command: "C:\\Program Files\\Mozilla Firefox\\firefox.exe" "--marionette" "-foreground" "-no-remote" "-profile" "C:\\Users\\Eric\\AppData\\Local\\Temp\\rust_mozprofile4l6yiR"
Can't find symbol 'eglSwapBuffersWithDamageEXT'.
JavaScript error: resource://gre/modules/XULStore.jsm, line 66: Error: Can't find profile directory.
console.error: SearchCache: "_readCacheFile: Error reading cache file:" (new Error("", "(unknown module)"))
1603040616088	Marionette	INFO	Listening on port 50848
1603040616308	Marionette	WARN	TLS certificate errors will be ignored for this session
JavaScript error: https://cdn.cookielaw.org/scripttemplates/5.13.0/otBannerSdk.js, line 1: TypeError: o is undefined
JavaScript error: https://cdn.cookielaw.org/scripttemplates/5.13.0/otBannerSdk.js, line 1: TypeError: o is undefined
JavaScript error: chrome://marionette/content/proxy.js, line 222: TypeError: this.browser.driver.dialogObserver is null
JavaScript error: chrome://marionette/content/proxy.js, line 222: TypeError: this.browser.driver.dialogObserver is null
1603040787256	Marionette	INFO	Stopped listening on port 50848

###!!! [Child][RunMessage] Error: Channel closing: too late to send/recv, messages will be lost


###!!! [Child][MessageChannel::SendAndWait] Error: Channel error: cannot send/recv

1603040795434	geckodriver	INFO	Listening on 127.0.0.1:50974
1603040798468	mozrunner::runner	INFO	Running command: "C:\\Program Files\\Mozilla Firefox\\firefox.exe" "--marionette" "-foreground" "-no-remote" "-profile" "C:\\Users\\Eric\\AppData\\Local\\Temp\\rust_mozprofilecplfim"
Can't find symbol 'eglSwapBuffersWithDamageEXT'.
JavaScript error: resource://gre/modules/XULStore.jsm, line 66: Error: Can't find profile directory.
console.error: SearchCache: "_readCacheFile: Error reading cache file:" (new Error("", "(unknown module)"))
1603040800329	Marionette	INFO	Listening on port 50982
1603040800490	Marionette	WARN	TLS certificate errors will be ignored for this session
1603040810642	Marionette	WARN	TimedPromise timed out after 500 ms: stacktrace:
TimedPromise/<@chrome://marionette/content/sync.js:245:13
TimedPromise@chrome://marionette/content/sync.js:230:10
interaction.flushEventLoop@chrome://marionette/content/interaction.js:416:10
webdriverClickElement@chrome://marionette/content/interaction.js:182:31
JavaScript error: https://www.glassdoor.com/jobs-ux-app/static/js/gd-jx-core-bottom-en-CA.js?v=469c5b3shq, line 1: ReferenceError: separatePreferencesTreatment is not defined
1603040953246	Marionette	INFO	Stopped listening on port 50982

###!!! [Child][RunMessage] Error: Channel closing: too late to send/recv, messages will be lost


###!!! [Child][MessageChannel::SendAndWait] Error: Channel error: cannot send/recv

1603040954954	geckodriver	INFO	Listening on 127.0.0.1:51110
1603040957993	mozrunner::runner	INFO	Running command: "C:\\Program Files\\Mozilla Firefox\\firefox.exe" "--marionette" "-foreground" "-no-remote" "-profile" "C:\\Users\\Eric\\AppData\\Local\\Temp\\rust_mozprofile0RLbQC"
Can't find symbol 'eglSwapBuffersWithDamageEXT'.
JavaScript error: resource://gre/modules/XULStore.jsm, line 66: Error: Can't find profile directory.
console.error: SearchCache: "_readCacheFile: Error reading cache file:" (new Error("", "(unknown module)"))
1603040959832	Marionette	INFO	Listening on port 51119
1603040960030	Marionette	WARN	TLS certificate errors will be ignored for this session
1603041020124	Marionette	INFO	Stopped listening on port 51119

###!!! [Child][RunMessage] Error: Channel closing: too late to send/recv, messages will be lost


###!!! [Child][MessageChannel::SendAndWait] Error: Channel error: cannot send/recv

1603041061825	geckodriver	INFO	Listening on 127.0.0.1:51228
1603041064863	mozrunner::runner	INFO	Running command: "C:\\Program Files\\Mozilla Firefox\\firefox.exe" "--marionette" "-foreground" "-no-remote" "-profile" "C:\\Users\\Eric\\AppData\\Local\\Temp\\rust_mozprofileWyCCHj"
Can't find symbol 'eglSwapBuffersWithDamageEXT'.
JavaScript error: resource://gre/modules/XULStore.jsm, line 66: Error: Can't find profile directory.
console.error: SearchCache: "_readCacheFile: Error reading cache file:" (new Error("", "(unknown module)"))
1603041066747	Marionette	INFO	Listening on port 51237
1603041066899	Marionette	WARN	TLS certificate errors will be ignored for this session
console.error: "Error while calling actor 'pagestyle's method 'getLayout'" "node is null"
console.error: "getLayout@resource://devtools/server/actors/styles.js:989:5\nhandler@resource://devtools/shared/protocol/Actor.js:166:37\nonPacket@resource://devtools/server/devtools-server-connection.js:379:58\nreceiveMessage@resource://devtools/shared/transport/child-transport.js:66:16\n"
console.error: (new TypeError("container.node.targetFront is null", "resource://devtools/client/inspector/markup/markup.js", 2274))
console.error: (new TypeError("container.node.targetFront is null", "resource://devtools/client/inspector/markup/markup.js", 2274))
console.error: (new Error("Protocol error (TypeError): node is null from: server0.conn0.child2/pagestyle26 (resource://devtools/server/actors/styles.js:989:5)", "resource://devtools/shared/protocol/Front.js", 327))
1603041225612	Marionette	INFO	Stopped listening on port 51231603041226584	mozrunner::runner	INFO	Running command: "C:\\Program Files\\Mozilla Firefox\\firefox.exe" "--marionette" "-foreground" "-no-remote" "-profile" "C:\\Users\\Eric\\AppData\\Local\\Temp\\rust_mozprofile7i2uxL"
Can't find symbol 'eglSwapBuffersWithDamageEXT'.
JavaScript error: resource://gre/modules/XULStore.jsm, line 66: Error: Can't find profile directory.
console.error: SearchCache: "_readCacheFile: Error reading cache file:" (new Error("", "(unknown module)"))
1603041228395	Marionette	INFO	Listening on port 51363
1603041228609	Marionette	WARN	TLS certificate errors will be ignored for this session
1603041249263	Marionette	INFO	Stopped listening on port 51363

###!!! [Child][RunMessage] Error: Channel closing: too late to send/recv, messages will be lost


###!!! [Child][MessageChannel::SendAndWait] Error: Channel error: cannot send/recv

emp\\rust_mozprofileE52Cfu"
Can't find symbol 'eglSwapBuffersWithDamageEXT'.
JavaScript error: resource://gre/modules/XULStore.jsm, line 66: Error: Can't find profile directory.
console.error: SearchCache: "_readCacheFile: Error reading cache file:" (new Error("", "(unknown module)"))
1603041248093	Marionette	INFO	Listening on port 51468
1603041248199	Marionette	WARN	TLS certificate errors will be ignored for this session
Can't find symbol 'eglSwapBuffersWithDamageEXT'.
1603041392150	Marionette	INFO	Stopped listening on port 51468

###!!! [Child][RunMessage] Error: Channel closing: too late to send/recv, messages will be lost


###!!! [Child][MessageChannel::SendAndWait] Error: Channel error: cannot send/recv

1603041394086	geckodriver	INFO	Listening on 127.0.0.1:51630
1603041397126	mozrunner::runner	INFO	Running command: "C:\\Program Files\\Mozilla Firefox\\firefox.exe" "--marionette" "-foreground" "-no-remote" "-profile" "C:\\Users\\Eric\\AppData\\Local\\Temp\\rust_mozprofileOUbEwV"
Can't find symbol 'eglSwapBuffersWithDamageEXT'.
JavaScript error: resource://gre/modules/XULStore.jsm, line 66: Error: Can't find profile directory.
console.error: SearchCache: "_readCacheFile: Error reading cache file:" (new Error("", "(unknown module)"))
1603041398931	Marionette	INFO	Listening on port 51638
1603041399164	Marionette	WARN	TLS certificate errors will be ignored for this session
1603041411079	Marionette	WARN	TimedPromise timed out after 500 ms: stacktrace:
TimedPromise/<@chrome://marionette/content/sync.js:245:13
TimedPromise@chrome://marionette/content/sync.js:230:10
interaction.flushEventLoop@chrome://marionette/content/interaction.js:416:10
webdriverClickElement@chrome://marionette/content/interaction.js:182:31
JavaScript error: https://www.google.ca/adsense/search/async-ads.js, line 41: uncaught exception: google.ads.search.Ads: a is null
1603041487732	Marionette	INFO	Stopped listening on port 51638

###!!! [Child][MessageChannel::SendAndWait] Error: Channel error: cannot send/recv

1603041517443	geckodriver	INFO	Listening on 127.0.0.1:51761
1603041520479	mozrunner::runner	INFO	Running command: "C:\\Program Files\\Mozilla Firefox\\firefox.exe" "--marionette" "-foreground" "-no-remote" "-profile" "C:\\Users\\Eric\\AppData\\Local\\Temp\\rust_mozprofileozO1m6"
Can't find symbol 'eglSwapBuffersWithDamageEXT'.
JavaScript error: resource://gre/modules/XULStore.jsm, line 66: Error: Can't find profile directory.
console.error: SearchCache: "_readCacheFile: Error reading cache file:" (new Error("", "(unknown module)"))
1603041522307	Marionette	INFO	Listening on port 51769
1603041522541	Marionette	WARN	TLS certificate errors will be ignored for this session
1603041648572	Marionette	INFO	Stopped listening on port 51769

###!!! [Child][MessageChannel::SendAndWait] Error: Channel error: cannot send/recv

firefox.exe" "--marionette" "-foreground" "-no-remote" "-profile" "C:\\Users\\Eric\\AppData\\Local\\Temp\\rust_mozprofiledJ40Ch"
Can't find symbol 'eglSwapBuffersWithDamageEXT'.
JavaScript error: resource://gre/modules/XULStore.jsm, line 66: Error: Can't find profile directory.
console.error: SearchCache: "_readCacheFile: Error reading cache file:" (new Error("", "(unknown module)"))
1603041614008	Marionette	INFO	Listening on port 51878
1603041614199	Marionette	WARN	TLS certificate errors will be ignored for this session
1603041642668	Marionette	INFO	Stopped listening on port 51878

###!!! [Child][RunMessage] Error: Channel closing: too late to send/recv, messages will be lost


###!!! [Child][MessageChannel::SendAndWait] Error: Channel error: cannot send/recv

1603041652079	geckodriver	INFO	Listening on 127.0.0.1:51981
1603041655126	mozrunner::runner	INFO	Running command: "C:\\Program Files\\Mozilla Firefox\\firefox.exe" "--marionette" "-foreground" "-no-remote" "-profile" "C:\\Users\\Eric\\AppData\\Local\\Temp\\rust_mozprofile4OTXGy"
Can't find symbol 'eglSwapBuffersWithDamageEXT'.
JavaScript error: resource://gre/modules/XULStore.jsm, line 66: Error: Can't find profile directory.
console.error: SearchCache: "_readCacheFile: Error reading cache file:" (new Error("", "(unknown module)"))
1603041656938	Marionette	INFO	Listening on port 51989
1603041657159	Marionette	WARN	TLS certificate errors will be ignored for this session
JavaScript error: https://www.google.ca/adsense/search/async-ads.js, line 41: uncaught exception: google.ads.search.Ads: a is null
JavaScript error: https://www.google.ca/adsense/search/async-ads.js, line 41: uncaught exception: google.ads.search.Ads: a is null
1603041814149	Marionette	INFO	Stopped listening on port 51989

###!!! [Child][RunMessage] Error: Channel closing: too late to send/recv, messages will be lost


###!!! [Child][MessageChannel::SendAndWait] Error: Channel error: cannot send/recv

1603041825414	geckodriver	INFO	Listening on 127.0.0.1:52093
1603041828445	mozrunner::runner	INFO	Running command: "C:\\Program Files\\Mozilla Firefox\\firefox.exe" "--marionette" "-foreground" "-no-remote" "-profile" "C:\\Users\\Eric\\AppData\\Local\\Temp\\rust_mozprofileUSSfsS"
Can't find symbol 'eglSwapBuffersWithDamageEXT'.
JavaScript error: resource://gre/modules/XULStore.jsm, line 66: Error: Can't find profile directory.
console.error: SearchCache: "_readCacheFile: Error reading cache file:" (new Error("", "(unknown module)"))
1603041830380	Marionette	INFO	Listening on port 52101
1603041830478	Marionette	WARN	TLS certificate errors will be ignored for this session
JavaScript error: resource://devtools/client/jsonview/Sniffer.jsm, line 56: NS_ERROR_NOT_AVAILABLE: Component returned failure code: 0x80040111 (NS_ERROR_NOT_AVAILABLE) [nsIChannel.contentType]
JavaScript error: resource://devtools/client/jsonview/Sniffer.jsm, line 56: NS_ERROR_NOT_AVAILABLE: Component returned failure code: 0x80040111 (NS_ERROR_NOT_AVAILABLE) [nsIChannel.contentType]
JavaScript error: https://www.google.ca/adsense/search/async-ads.js, line 41: uncaught exception: google.ads.search.Ads: a is null
1603041965207	Marionette	INFO	Stopped listening on port 52101

###!!! [Child][RunMessage] Error: Channel closing: too late to send/recv, messages will be lost


###!!! [Child][MessageChannel::SendAndWait] Error: Channel error: cannot send/recv

1603041969666	geckodriver	INFO	Listening on 127.0.0.1:52237
1603041972708	mozrunner::runner	INFO	Running command: "C:\\Program Files\\Mozilla Firefox\\firefox.exe" "--marionette" "-foreground" "-no-remote" "-profile" "C:\\Users\\Eric\\AppData\\Local\\Temp\\rust_mozprofileFhlUkx"
Can't find symbol 'eglSwapBuffersWithDamageEXT'.
JavaScript error: resource://gre/modules/XULStore.jsm, line 66: Error: Can't find profile directory.
console.error: SearchCache: "_readCacheFile: Error reading cache file:" (new Error("", "(unknown module)"))
1603041974545	Marionette	INFO	Listening on port 52246
1603041974740	Marionette	WARN	TLS certificate errors will be ignored for this session
1603042866735	Marionette	INFO	Stopped listening on port 52246

###!!! [Child][RunMessage] Error: Channel closing: too late to send/recv, messages will be lost


###!!! [Child][MessageChannel::SendAndWait] Error: Channel error: cannot send/recv

emp\\rust_mozprofileXWhahH"
Can't find symbol 'eglSwapBuffersWithDamageEXT'.
JavaScript error: resource://gre/modules/XULStore.jsm, line 66: Error: Can't find profile directory.
console.error: SearchCache: "_readCacheFile: Error reading cache file:" (new Error("", "(unknown module)"))
1603042053486	Marionette	INFO	Listening on port 52340
1603042053740	Marionette	WARN	TLS certificate errors will be ignored for this session
JavaScript error: https://www.google.ca/adsense/search/async-ads.js, line 41: uncaught exception: google.ads.search.Ads: a is null
1603042867779	Marionette	INFO	Stopped listening on port 52340

###!!! [Child][RunMessage] Error: Channel closing: too late to send/recv, messages will be lost


###!!! [Child][MessageChannel::SendAndWait] Error: Channel error: cannot send/recv

1603042877900	geckodriver	INFO	Listening on 127.0.0.1:52552
1603042880946	mozrunner::runner	INFO	Running command: "C:\\Program Files\\Mozilla Firefox\\firefox.exe" "--marionette" "-foreground" "-no-remote" "-profile" "C:\\Users\\Eric\\AppData\\Local\\Temp\\rust_mozprofiletbhmjM"
Can't find symbol 'eglSwapBuffersWithDamageEXT'.
JavaScript error: resource://gre/modules/XULStore.jsm, line 66: Error: Can't find profile directory.
console.error: SearchCache: "_readCacheFile: Error reading cache file:" (new Error("", "(unknown module)"))
1603042882725	Marionette	INFO	Listening on port 52565
1603042882980	Marionette	WARN	TLS certificate errors will be ignored for this session
Can't find symbol 'eglSwapBuffersWithDamageEXT'.
JavaScript error: https://www.glassdoor.com/jobs-ux-app/static/js/gd-jx-core-bottom-en-CA.js?v=469c5b3shq, line 1: ReferenceError: separatePreferencesTreatment is not defined
1603042894551	Marionette	INFO	Stopped listening on port 52565

###!!! [Child][RunMessage] Error: Channel closing: too late to send/recv, messages will be lost


###!!! [Child][MessageChannel::SendAndWait] Error: Channel error: cannot send/recv

1603042961078	geckodriver	INFO	Listening on 127.0.0.1:52679
1603042964110	mozrunner::runner	INFO	Running command: "C:\\Program Files\\Mozilla Firefox\\firefox.exe" "--marionette" "-foreground" "-no-remote" "-profile" "C:\\Users\\Eric\\AppData\\Local\\Temp\\rust_mozprofile0VlQ1A"
Can't find symbol 'eglSwapBuffersWithDamageEXT'.
JavaScript error: resource://gre/modules/XULStore.jsm, line 66: Error: Can't find profile directory.
console.error: SearchCache: "_readCacheFile: Error reading cache file:" (new Error("", "(unknown module)"))
1603042965934	Marionette	INFO	Listening on port 52687
1603042966137	Marionette	WARN	TLS certificate errors will be ignored for this session
Can't find symbol 'eglSwapBuffersWithDamageEXT'.
1603042983490	Marionette	INFO	Stopped listening on port 52687

###!!! [Child][RunMessage] Error: Channel closing: too late to send/recv, messages will be lost


###!!! [Child][MessageChannel::SendAndWait] Error: Channel error: cannot send/recv

1603042989515	geckodriver	INFO	Listening on 127.0.0.1:52791
1603042992562	mozrunner::runner	INFO	Running command: "C:\\Program Files\\Mozilla Firefox\\firefox.exe" "--marionette" "-foreground" "-no-remote" "-profile" "C:\\Users\\Eric\\AppData\\Local\\Temp\\rust_mozprofilesM36cn"
Can't find symbol 'eglSwapBuffersWithDamageEXT'.
JavaScript error: resource://gre/modules/XULStore.jsm, line 66: Error: Can't find profile directory.
console.error: SearchCache: "_readCacheFile: Error reading cache file:" (new Error("", "(unknown module)"))
1603042994370	Marionette	INFO	Listening on port 52804
1603042994601	Marionette	WARN	TLS certificate errors will be ignored for this session
Can't find symbol 'eglSwapBuffersWithDamageEXT'.
1603043003248	Marionette	INFO	Stopped listening on port 52804

###!!! [Child][RunMessage] Error: Channel closing: too late to send/recv, messages will be lost


###!!! [Child][MessageChannel::SendAndWait] Error: Channel error: cannot send/recv

1603043017036	geckodriver	INFO	Listening on 127.0.0.1:52912
1603043020075	mozrunner::runner	INFO	Running command: "C:\\Program Files\\Mozilla Firefox\\firefox.exe" "--marionette" "-foreground" "-no-remote" "-profile" "C:\\Users\\Eric\\AppData\\Local\\Temp\\rust_mozprofile9vWWoT"
Can't find symbol 'eglSwapBuffersWithDamageEXT'.
JavaScript error: resource://gre/modules/XULStore.jsm, line 66: Error: Can't find profile directory.
console.error: SearchCache: "_readCacheFile: Error reading cache file:" (new Error("", "(unknown module)"))
1603043021877	Marionette	INFO	Listening on port 52920
1603043022118	Marionette	WARN	TLS certificate errors will be ignored for this session
Can't find symbol 'eglSwapBuffersWithDamageEXT'.
1603043028741	Marionette	INFO	Stopped listening on port 52920

###!!! [Child][RunMessage] Error: Channel closing: too late to send/recv, messages will be lost


###!!! [Child][MessageChannel::SendAndWait] Error: Channel error: cannot send/recv

1603043506146	geckodriver	INFO	Listening on 127.0.0.1:53101
1603043509198	mozrunner::runner	INFO	Running command: "C:\\Program Files\\Mozilla Firefox\\firefox.exe" "--marionette" "-foreground" "-no-remote" "-profile" "C:\\Users\\Eric\\AppData\\Local\\Temp\\rust_mozprofileDZtPMA"
Can't find symbol 'eglSwapBuffersWithDamageEXT'.
JavaScript error: resource://gre/modules/XULStore.jsm, line 66: Error: Can't find profile directory.
console.error: SearchCache: "_readCacheFile: Error reading cache file:" (new Error("", "(unknown module)"))
1603043511040	Marionette	INFO	Listening on port 53109
1603043511221	Marionette	WARN	TLS certificate errors will be ignored for this session
JavaScript error: resource://gre/modules/URIFixup.jsm, line 271: NS_ERROR_FAILURE: Should pass a non-null uri
1603043540439	Marionette	INFO	Stopped listening on port 53109

###!!! [Child][RunMessage] Error: Channel closing: too late to send/recv, messages will be lost


###!!! [Child][MessageChannel::SendAndWait] Error: Channel error: cannot send/recv

1603043542416	geckodriver	INFO	Listening on 127.0.0.1:53153
1603043545455	mozrunner::runner	INFO	Running command: "C:\\Program Files\\Mozilla Firefox\\firefox.exe" "--marionette" "-foreground" "-no-remote" "-profile" "C:\\Users\\Eric\\AppData\\Local\\Temp\\rust_mozprofileKGmwXX"
Can't find symbol 'eglSwapBuffersWithDamageEXT'.
JavaScript error: resource://gre/modules/XULStore.jsm, line 66: Error: Can't find profile directory.
console.error: SearchCache: "_readCacheFile: Error reading cache file:" (new Error("", "(unknown module)"))
1603043547274	Marionette	INFO	Listening on port 53161
1603043547483	Marionette	WARN	TLS certificate errors will be ignored for this session
Can't find symbol 'eglSwapBuffersWithDamageEXT'.
1603043571968	Marionette	INFO	Stopped listening on port 53161

###!!! [Child][RunMessage] Error: Channel closing: too late to send/recv, messages will be lost


###!!! [Child][MessageChannel::SendAndWait] Error: Channel error: cannot send/recv

1603075802310	geckodriver	INFO	Listening on 127.0.0.1:62536
1603075805372	mozrunner::runner	INFO	Running command: "C:\\Program Files\\Mozilla Firefox\\firefox.exe" "--marionette" "-foreground" "-no-remote" "-profile" "C:\\Users\\Eric\\AppData\\Local\\Temp\\rust_mozprofile92eCak"
Can't find symbol 'eglSwapBuffersWithDamageEXT'.
JavaScript error: resource://gre/modules/XULStore.jsm, line 66: Error: Can't find profile directory.
console.error: SearchCache: "_readCacheFile: Error reading cache file:" (new Error("", "(unknown module)"))
1603075807193	Marionette	INFO	Listening on port 62545
1603075807402	Marionette	WARN	TLS certificate errors will be ignored for this session
JavaScript error: https://www.glassdoor.com/jobs-ux-app/static/js/gd-jx-core-bottom-en-CA.js?v=469c5b3shq, line 1: ReferenceError: separatePreferencesTreatment is not defined
1603075852287	Marionette	INFO	Stopped listening on port 62545

###!!! [Child][RunMessage] Error: Channel closing: too late to send/recv, messages will be lost


###!!! [Child][MessageChannel::SendAndWait] Error: Channel error: cannot send/recv

1603075854623	geckodriver	INFO	Listening on 127.0.0.1:62649
1603075857673	mozrunner::runner	INFO	Running command: "C:\\Program Files\\Mozilla Firefox\\firefox.exe" "--marionette" "-foreground" "-no-remote" "-profile" "C:\\Users\\Eric\\AppData\\Local\\Temp\\rust_mozprofile9Q8KmN"
Can't find symbol 'eglSwapBuffersWithDamageEXT'.
JavaScript error: resource://gre/modules/XULStore.jsm, line 66: Error: Can't find profile directory.
console.error: SearchCache: "_readCacheFile: Error reading cache file:" (new Error("", "(unknown module)"))
1603075859480	Marionette	INFO	Listening on port 62657
1603075859698	Marionette	WARN	TLS certificate errors will be ignored for this session
JavaScript error: https://www.glassdoor.com/jobs-ux-app/static/js/gd-jx-core-bottom-en-CA.js?v=469c5b3shq, line 1: ReferenceError: separatePreferencesTreatment is not defined
1603076001176	Marionette	INFO	Stopped listening on port 62657

###!!! [Child][RunMessage] Error: Channel closing: too late to send/recv, messages will be lost


###!!! [Child][MessageChannel::SendAndWait] Error: Channel error: cannot send/recv

1603076002839	geckodriver	INFO	Listening on 127.0.0.1:62789
1603076005882	mozrunner::runner	INFO	Running command: "C:\\Program Files\\Mozilla Firefox\\firefox.exe" "--marionette" "-foreground" "-no-remote" "-profile" "C:\\Users\\Eric\\AppData\\Local\\Temp\\rust_mozprofilejWx2t7"
Can't find symbol 'eglSwapBuffersWithDamageEXT'.
JavaScript error: resource://gre/modules/XULStore.jsm, line 66: Error: Can't find profile directory.
console.error: SearchCache: "_readCacheFile: Error reading cache file:" (new Error("", "(unknown module)"))
1603076007689	Marionette	INFO	Listening on port 62797
1603076007936	Marionette	WARN	TLS certificate errors will be ignored for this session
1603076143410	Marionette	INFO	Stopped listening on port 62797

###!!! [Child][RunMessage] Error: Channel closing: too late to send/recv, messages will be lost


###!!! [Child][MessageChannel::SendAndWait] Error: Channel error: cannot send/recv

emp\\rust_mozprofileooHvEW"
Can't find symbol 'eglSwapBuffersWithDamageEXT'.
JavaScript error: resource://gre/modules/XULStore.jsm, line 66: Error: Can't find profile directory.
console.error: SearchCache: "_readCacheFile: Error reading cache file:" (new Error("", "(unknown module)"))
1603076139792	Marionette	INFO	Listening on port 62907
1603076139992	Marionette	WARN	TLS certificate errors will be ignored for this session
1603076149297	Marionette	INFO	Stopped listening on port 62907

###!!! [Child][RunMessage] Error: Channel closing: too late to send/recv, messages will be lost


###!!! [Child][MessageChannel::SendAndWait] Error: Channel error: cannot send/recv

1603076154292	geckodriver	INFO	Listening on 127.0.0.1:62993
1603076157336	mozrunner::runner	INFO	Running command: "C:\\Program Files\\Mozilla Firefox\\firefox.exe" "--marionette" "-foreground" "-no-remote" "-profile" "C:\\Users\\Eric\\AppData\\Local\\Temp\\rust_mozprofileYmQmYt"
Can't find symbol 'eglSwapBuffersWithDamageEXT'.
JavaScript error: resource://gre/modules/XULStore.jsm, line 66: Error: Can't find profile directory.
console.error: SearchCache: "_readCacheFile: Error reading cache file:" (new Error("", "(unknown module)"))
1603076159069	Marionette	INFO	Listening on port 63001
1603076159371	Marionette	WARN	TLS certificate errors will be ignored for this session
1603076226678	Marionette	INFO	Stopped listening on port 63001

###!!! [Child][RunMessage] Error: Channel closing: too late to send/recv, messages will be lost


###!!! [Child][MessageChannel::SendAndWait] Error: Channel error: cannot send/recv

1603076230679	geckodriver	INFO	Listening on 127.0.0.1:63088
1603076233717	mozrunner::runner	INFO	Running command: "C:\\Program Files\\Mozilla Firefox\\firefox.exe" "--marionette" "-foreground" "-no-remote" "-profile" "C:\\Users\\Eric\\AppData\\Local\\Temp\\rust_mozprofileDKdSAa"
Can't find symbol 'eglSwapBuffersWithDamageEXT'.
JavaScript error: resource://gre/modules/XULStore.jsm, line 66: Error: Can't find profile directory.
console.error: SearchCache: "_readCacheFile: Error reading cache file:" (new Error("", "(unknown module)"))
1603076235589	Marionette	INFO	Listening on port 63096
1603076235747	Marionette	WARN	TLS certificate errors will be ignored for this session
JavaScript error: https://www.google.ca/adsense/search/async-ads.js, line 41: uncaught exception: google.ads.search.Ads: a is null
JavaScript error: https://www.glassdoor.com/jobs-ux-app/static/js/gd-jx-core-bottom-en-CA.js?v=469c5b3shq, line 1: ReferenceError: separatePreferencesTreatment is not defined
1603076647432	Marionette	INFO	Stopped listening on port 63096

###!!! [Child][RunMessage] Error: Channel closing: too late to send/recv, messages will be lost


###!!! [Child][MessageChannel::SendAndWait] Error: Channel error: cannot send/recv

1603076649661	geckodriver	INFO	Listening on 127.0.0.1:63285
1603076652686	mozrunner::runner	INFO	Running command: "C:\\Program Files\\Mozilla Firefox\\firefox.exe" "--marionette" "-foreground" "-no-remote" "-profile" "C:\\Users\\Eric\\AppData\\Local\\Temp\\rust_mozprofile5nTZLk"
Can't find symbol 'eglSwapBuffersWithDamageEXT'.
JavaScript error: resource://gre/modules/XULStore.jsm, line 66: Error: Can't find profile directory.
console.error: SearchCache: "_readCacheFile: Error reading cache file:" (new Error("", "(unknown module)"))
1603076654589	Marionette	INFO	Listening on port 63293
1603076654731	Marionette	WARN	TLS certificate errors will be ignored for this session
JavaScript error: https://www.google.ca/adsense/search/async-ads.js, line 41: uncaught exception: google.ads.search.Ads: a is null
JavaScript error: https://www.google.ca/adsense/search/async-ads.js, line 41: uncaught exception: google.ads.search.Ads: a is null
1603076785085	Marionette	INFO	Stopped listening on port 63293

###!!! [Child][RunMessage] Error: Channel closing: too late to send/recv, messages will be lost


###!!! [Child][MessageChannel::SendAndWait] Error: Channel error: cannot send/recv

1603076786903	geckodriver	INFO	Listening on 127.0.0.1:63394
1603076789935	mozrunner::runner	INFO	Running command: "C:\\Program Files\\Mozilla Firefox\\firefox.exe" "--marionette" "-foreground" "-no-remote" "-profile" "C:\\Users\\Eric\\AppData\\Local\\Temp\\rust_mozprofileYJM07F"
Can't find symbol 'eglSwapBuffersWithDamageEXT'.
JavaScript error: resource://gre/modules/XULStore.jsm, line 66: Error: Can't find profile directory.
console.error: SearchCache: "_readCacheFile: Error reading cache file:" (new Error("", "(unknown module)"))
1603076791762	Marionette	INFO	Listening on port 63402
1603076791972	Marionette	WARN	TLS certificate errors will be ignored for this session
JavaScript error: https://www.google.ca/adsense/search/async-ads.js, line 41: uncaught exception: google.ads.search.Ads: a is null
JavaScript error: resource://devtools/client/jsonview/Sniffer.jsm, line 56: NS_ERROR_NOT_AVAILABLE: Component returned failure code: 0x80040111 (NS_ERROR_NOT_AVAILABLE) [nsIChannel.contentType]
1603076916028	Marionette	INFO	Stopped listening on port 63402

###!!! [Child][RunMessage] Error: Channel closing: too late to send/recv, messages will be lost


###!!! [Child][MessageChannel::SendAndWait] Error: Channel error: cannot send/recv

1603076919649	geckodriver	INFO	Listening on 127.0.0.1:63512
1603076922688	mozrunner::runner	INFO	Running command: "C:\\Program Files\\Mozilla Firefox\\firefox.exe" "--marionette" "-foreground" "-no-remote" "-profile" "C:\\Users\\Eric\\AppData\\Local\\Temp\\rust_mozprofileO5Zno9"
Can't find symbol 'eglSwapBuffersWithDamageEXT'.
JavaScript error: resource://gre/modules/XULStore.jsm, line 66: Error: Can't find profile directory.
console.error: SearchCache: "_readCacheFile: Error reading cache file:" (new Error("", "(unknown module)"))
1603076924652	Marionette	INFO	Listening on port 63520
1603076924738	Marionette	WARN	TLS certificate errors will be ignored for this session
JavaScript error: https://apis.google.com/_/scs/apps-static/_/js/k=oz.gapi.en_US.2laq3Py8kJk.O/m=client/rt=j/sv=1/d=1/ed=1/am=wQE/rs=AGLTcCNOVyb6DDYv7xgJGtF_6RiAl0K1Kw/cb=gapi.loaded_0, line 578: uncaught exception: gapi.auth2.ExternallyVisibleError: Missing required parameter 'client_id'
console.warn: LoginRecipes: "getRecipes: falling back to a synchronous message for:" "https://www.glassdoor.ca"
console.warn: LoginRecipes: "getRecipes: falling back to a synchronous message for:" "https://www.glassdoor.ca"
1603077091940	Marionette	INFO	Stopped listening on port 63520

###!!! [Child][RunMessage] Error: Channel closing: too late to send/recv, messages will be lost


###!!! [Child][MessageChannel::SendAndWait] Error: Channel error: cannot send/recv

emp\\rust_mozprofilesEVMV3"
Can't find symbol 'eglSwapBuffersWithDamageEXT'.
JavaScript error: resource://gre/modules/XULStore.jsm, line 66: Error: Can't find profile directory.
console.error: SearchCache: "_readCacheFile: Error reading cache file:" (new Error("", "(unknown module)"))
1603077065172	Marionette	INFO	Listening on port 63610
1603077065330	Marionette	WARN	TLS certificate errors will be ignored for this session
Can't find symbol 'eglSwapBuffersWithDamageEXT'.
1603077229638	Marionette	INFO	Stopped listening on port 63610

###!!! [Child][RunMessage] Error: Channel closing: too late to send/recv, messages will be lost


###!!! [Child][MessageChannel::SendAndWait] Error: Channel error: cannot send/recv

1603077231985	geckodriver	INFO	Listening on 127.0.0.1:63751
1603077235015	mozrunner::runner	INFO	Running command: "C:\\Program Files\\Mozilla Firefox\\firefox.exe" "--marionette" "-foreground" "-no-remote" "-profile" "C:\\Users\\Eric\\AppData\\Local\\Temp\\rust_mozprofile3fv2ze"
Can't find symbol 'eglSwapBuffersWithDamageEXT'.
JavaScript error: resource://gre/modules/XULStore.jsm, line 66: Error: Can't find profile directory.
console.error: SearchCache: "_readCacheFile: Error reading cache file:" (new Error("", "(unknown module)"))
1603077236866	Marionette	INFO	Listening on port 63759
1603077237045	Marionette	WARN	TLS certificate errors will be ignored for this session
JavaScript error: https://www.google.ca/adsense/search/async-ads.js, line 41: uncaught exception: google.ads.search.Ads: a is null
Can't find symbol 'eglSwapBuffersWithDamageEXT'.
1603077417123	Marionette	INFO	Stopped listening on port 63759

###!!! [Child][MessageChannel::SendAndWait] Error: Channel error: cannot send/recv

1603077419263	geckodriver	INFO	Listening on 127.0.0.1:63883
1603077422296	mozrunner::runner	INFO	Running command: "C:\\Program Files\\Mozilla Firefox\\firefox.exe" "--marionette" "-foreground" "-no-remote" "-profile" "C:\\Users\\Eric\\AppData\\Local\\Temp\\rust_mozprofilem0jvHJ"
Can't find symbol 'eglSwapBuffersWithDamageEXT'.
JavaScript error: resource://gre/modules/XULStore.jsm, line 66: Error: Can't find profile directory.
console.error: SearchCache: "_readCacheFile: Error reading cache file:" (new Error("", "(unknown module)"))
1603077424133	Marionette	INFO	Listening on port 63891
1603077424342	Marionette	WARN	TLS certificate errors will be ignored for this session
JavaScript error: https://apis.google.com/_/scs/apps-static/_/js/k=oz.gapi.en_US.2laq3Py8kJk.O/m=client/rt=j/sv=1/d=1/ed=1/am=wQE/rs=AGLTcCNOVyb6DDYv7xgJGtF_6RiAl0K1Kw/cb=gapi.loaded_0, line 578: uncaught exception: gapi.auth2.ExternallyVisibleError: Missing required parameter 'client_id'
JavaScript error: resource://devtools/client/jsonview/Sniffer.jsm, line 56: NS_ERROR_NOT_AVAILABLE: Component returned failure code: 0x80040111 (NS_ERROR_NOT_AVAILABLE) [nsIChannel.contentType]
JavaScript error: https://www.glassdoor.com/jobs-ux-app/static/js/gd-jx-core-bottom-en-CA.js?v=469c5b3shq, line 1: ReferenceError: separatePreferencesTreatment is not defined
Can't find symbol 'eglSwapBuffersWithDamageEXT'.
1603077573255	Marionette	INFO	Stopped listening on port 63891

###!!! [Child][RunMessage] Error: Channel closing: too late to send/recv, messages will be lost


###!!! [Child][MessageChannel::SendAndWait] Error: Channel error: cannot send/recv

1603077576842	geckodriver	INFO	Listening on 127.0.0.1:64011
1603077579886	mozrunner::runner	INFO	Running command: "C:\\Program Files\\Mozilla Firefox\\firefox.exe" "--marionette" "-foreground" "-no-remote" "-profile" "C:\\Users\\Eric\\AppData\\Local\\Temp\\rust_mozprofilelW03Ae"
Can't find symbol 'eglSwapBuffersWithDamageEXT'.
JavaScript error: resource://gre/modules/XULStore.jsm, line 66: Error: Can't find profile directory.
console.error: SearchCache: "_readCacheFile: Error reading cache file:" (new Error("", "(unknown module)"))
1603077581749	Marionette	INFO	Listening on port 64020
1603077581910	Marionette	WARN	TLS certificate errors will be ignored for this session
JavaScript error: https://www.google.ca/adsense/search/async-ads.js, line 41: uncaught exception: google.ads.search.Ads: a is null
JavaScript error: https://www.glassdoor.com/jobs-ux-app/static/js/gd-jx-core-bottom-en-CA.js?v=469c5b3shq, line 1: ReferenceError: separatePreferencesTreatment is not defined
Can't find symbol 'eglSwapBuffersWithDamageEXT'.
JavaScript error: chrome://marionette/content/proxy.js, line 222: TypeError: this.browser.driver.dialogObserver is null
JavaScript error: chrome://marionette/content/proxy.js, line 222: TypeError: this.browser.driver.dialogObserver is null
1603077825509	Marionette	INFO	Stopped listening on port 64020

###!!! [Child][RunMessage] Error: Channel closing: too late to send/recv, messages will be lost


###!!! [Child][MessageChannel::SendAndWait] Error: Channel error: cannot send/recv

1603077827164	geckodriver	INFO	Listening on 127.0.0.1:64262
1603077830192	mozrunner::runner	INFO	Running command: "C:\\Program Files\\Mozilla Firefox\\firefox.exe" "--marionette" "-foreground" "-no-remote" "-profile" "C:\\Users\\Eric\\AppData\\Local\\Temp\\rust_mozprofilekFbFlp"
Can't find symbol 'eglSwapBuffersWithDamageEXT'.
JavaScript error: resource://gre/modules/XULStore.jsm, line 66: Error: Can't find profile directory.
console.error: SearchCache: "_readCacheFile: Error reading cache file:" (new Error("", "(unknown module)"))
1603077832126	Marionette	INFO	Listening on port 64272
1603077832241	Marionette	WARN	TLS certificate errors will be ignored for this session
JavaScript error: https://www.glassdoor.com/jobs-ux-app/static/js/gd-jx-core-bottom-en-CA.js?v=469c5b3shq, line 1: ReferenceError: separatePreferencesTreatment is not defined
JavaScript error: https://www.google.ca/adsense/search/async-ads.js, line 41: uncaught exception: google.ads.search.Ads: a is null
Can't find symbol 'eglSwapBuffersWithDamageEXT'.
JavaScript error: resource://devtools/client/jsonview/Sniffer.jsm, line 56: NS_ERROR_NOT_AVAILABLE: Component returned failure code: 0x80040111 (NS_ERROR_NOT_AVAILABLE) [nsIChannel.contentType]
1603120122328	Marionette	INFO	Stopped listening on port 64272

###!!! [Child][RunMessage] Error: Channel closing: too late to send/recv, messages will be lost


###!!! [Child][MessageChannel::SendAndWait] Error: Channel error: cannot send/recv

